<?xml version="1.0" encoding="UTF-8"?>
<!-- Generated by org.testng.reporters.JUnitReportReporter -->
<testsuite skipped="0" hostname="DESKTOP-I9TIAK2" name="BaseTest.DbConnection" tests="1" failures="0" timestamp="09 Mar 2018 18:35:59 GMT" time="0.007" errors="0">
  <testcase name="test" time="0.007" classname="BaseTest.DbConnection"/>
</testsuite> <!-- BaseTest.DbConnection -->
