<?xml version="1.0" encoding="UTF-8"?>
<!-- Generated by org.testng.reporters.JUnitReportReporter -->
<testsuite skipped="0" hostname="DESKTOP-I9TIAK2" name="Test.NewTest" tests="1" failures="0" timestamp="05 Mar 2018 04:58:39 GMT" time="0.016" errors="0">
  <testcase name="f" time="0.016" classname="Test.NewTest"/>
</testsuite> <!-- Test.NewTest -->
